<?xml version="1.0" encoding="UTF-8"?>
<testsuite xmlns:xsi="http://www.w3.org/2001/XMLSchema-instance" xsi:noNamespaceSchemaLocation="https://maven.apache.org/surefire/maven-surefire-plugin/xsd/surefire-test-report-3.0.xsd" version="3.0" name="com.SpringBootApplication.SpringApplication.ApplicationTests" time="3.858" tests="4" errors="0" skipped="0" failures="0">
  <properties>
[...]
</properties>
  <testcase name="testDivideByZero" classname="com.SpringBootApplication.SpringApplication.ApplicationTests" time="1.419">
    <system-out><![CDATA[22:18:50.784 [main] INFO org.springframework.test.context.support.AnnotationConfigContextLoaderUtils -- Could not detect default configuration classes for test class [com.SpringBootApplication.SpringApplication.ApplicationTests]: ApplicationTests does not declare any static, non-private, non-final, nested classes annotated with @Configuration.
22:18:50.945 [main] INFO org.springframework.boot.test.context.SpringBootTestContextBootstrapper -- Found @SpringBootConfiguration com.SpringBootApplication.SpringApplication.Application for test class com.SpringBootApplication.SpringApplication.ApplicationTests

  .   ____          _            __ _ _
 /\\ / ___'_ __ _ _(_)_ __  __ _ \ \ \ \
( ( )\___ | '_ | '_| | '_ \/ _` | \ \ \ \
 \\/  ___)| |_)| | | | | || (_| |  ) ) ) )
  '  |____| .__|_| |_|_| |_\__, | / / / /
 =========|_|==============|___/=/_/_/_/
 :: Spring Boot ::               (v3.1.10)

2024-03-28T22:18:51.498+05:30  INFO 14932 --- [           main] c.S.SpringApplication.ApplicationTests   : Starting ApplicationTests using Java 17.0.7 with PID 14932 (started by pannamrajesh in C:\Users\pannamrajesh\OneDrive - Nagarro\Desktop\SpringApplication)
2024-03-28T22:18:51.499+05:30  INFO 14932 --- [           main] c.S.SpringApplication.ApplicationTests   : No active profile set, falling back to 1 default profile: "default"
2024-03-28T22:18:52.895+05:30  INFO 14932 --- [           main] c.S.SpringApplication.ApplicationTests   : Started ApplicationTests in 1.758 seconds (process running for 3.375)
]]></system-out>
  </testcase>
  <testcase name="testAdd" classname="com.SpringBootApplication.SpringApplication.ApplicationTests" time="0.007"/>
  <testcase name="testDivide" classname="com.SpringBootApplication.SpringApplication.ApplicationTests" time="0.002"/>
  <testcase name="testMultiply" classname="com.SpringBootApplication.SpringApplication.ApplicationTests" time="0.002"/>
</testsuite>